<?xml version="1.0" encoding="UTF-8"?>
<testsuite xmlns:xsi="http://www.w3.org/2001/XMLSchema-instance" xsi:noNamespaceSchemaLocation="https://maven.apache.org/surefire/maven-surefire-plugin/xsd/surefire-test-report-3.0.xsd" version="3.0" name="TestSuite" time="40.247" tests="3" errors="0" skipped="0" failures="1">
  <properties>
[...]
</properties>
  <testcase name="runScenario[&quot;Search exeperience for product search in both home and offers page&quot;, &quot;search and place the order for product&quot;](1)" classname="runners.Testrunner" time="34.511">
    <system-out><![CDATA[
@OfferPage
Scenario Outline: Search exeperience for product search in both home and offers page # src/test/java/features/searchProduct.feature:12

@OfferPage
Scenario Outline: Search exeperience for product search in both home and offers page # src/test/java/features/searchProduct.feature:11

@CheckoutPage
Scenario Outline: user exeperience in add product and check in checkout page               # src/test/java/features/Checkout.feature:11
edgeDriver
edgeDriver
edgeDriver
edgeDriver
edgeDriver
edgeDriver
GreenKart - veg and fruits kart
GreenKart - veg and fruits kart
GreenKart - veg and fruits kart
  ✔ Given User is on Greencart Landing page                                          # stepDefinations1.LandingPageStepDefinations.user_is_on_Greencar_landing_page()
  ✔ Given User is on Greencart Landing page                                                # stepDefinations1.LandingPageStepDefinations.user_is_on_Greencar_landing_page()
  ✔ Given User is on Greencart Landing page                                          # stepDefinations1.LandingPageStepDefinations.user_is_on_Greencar_landing_page()
edgeDriver
edgeDriver
edgeDriver
Landing page prodcut name:Tomato
  ✔ When user searched with shortname tom and extracted actual name of product       # stepDefinations1.LandingPageStepDefinations.user_searched_with_shortname_and_extracted_actual_name_of_product(java.lang.String)
edgeDriver
Landing page prodcut name:Strawberry
  ✔ When user searched with shortname stra and extracted actual name of product      # stepDefinations1.LandingPageStepDefinations.user_searched_with_shortname_and_extracted_actual_name_of_product(java.lang.String)
edgeDriver
Landing page prodcut name:Brocolli
  ✔ When user searched with shortname Brocolli - 1 Kg and extracted actual name of product # stepDefinations1.LandingPageStepDefinations.user_searched_with_shortname_and_extracted_actual_name_of_product(java.lang.String)
edgeDriver
offer page product name:Strawberry
  ✔ Then user searched for stra shortname in offer page                              # stepDefinations1.OfferPageStepDefinations.user_searched_for_sam_shortname_in_offer_page_to_check_if_product_is_exist(java.lang.String)
edgeDriver
  ✔ And Validate product name matches with offer page with landing page              # stepDefinations1.OfferPageStepDefinations.validate_name_in_both_pages()
edgeDriver
  ✔ And Added "3" items of the selected prduct to cart                                     # stepDefinations1.LandingPageStepDefinations.added_items_of_the_selected_prduct_to_cart(java.lang.String)
edgeDriver
offer page product name:Tomato
  ✔ Then user searched for tom shortname in offer page                               # stepDefinations1.OfferPageStepDefinations.user_searched_for_sam_shortname_in_offer_page_to_check_if_product_is_exist(java.lang.String)
edgeDriver
  ✔ And Validate product name matches with offer page with landing page              # stepDefinations1.OfferPageStepDefinations.validate_name_in_both_pages()
edgeDriver
  ✔ Then user proceed to checkout and validate the Brocolli - 1 Kg items in cart page      # stepDefinations1.CheckoutPageStepDefinations.user_proceed_to_checkout_and_validate_the_items_in_cart_page(java.lang.String)
edgeDriver
edgeDriver
edgeDriver
]]></system-out>
    <system-err><![CDATA[SLF4J(W): No SLF4J providers were found.
SLF4J(W): Defaulting to no-operation (NOP) logger implementation
SLF4J(W): See https://www.slf4j.org/codes.html#noProviders for further details.
]]></system-err>
  </testcase>
  <testcase name="runScenario[&quot;Search exeperience for product search in both home and offers page&quot;, &quot;search and place the order for product&quot;](2)" classname="runners.Testrunner" time="34.605"/>
  <testcase name="runScenario[&quot;user exeperience in add product and check in checkout page&quot;, &quot;Checkout functionality&quot;](3)" classname="runners.Testrunner" time="38.299">
    <failure message="no such element: Unable to locate element: {&quot;method&quot;:&quot;xpath&quot;,&quot;selector&quot;:&quot;//button[contains(text(),&quot;qlace Orde&quot;)]&quot;}&#10;  (Session info: MicrosoftEdge=145.0.3800.58)&#10;For documentation on this error, please visit: https://www.selenium.dev/documentation/webdriver/troubleshooting/errors#nosuchelementexception&#10;Build info: version: &apos;4.41.0&apos;, revision: &apos;9fc754f&apos;&#10;System info: os.name: &apos;Windows 11&apos;, os.arch: &apos;amd64&apos;, os.version: &apos;10.0&apos;, java.version: &apos;21.0.10&apos;&#10;Driver info: org.openqa.selenium.edge.EdgeDriver&#10;Command: [43fe1c201b3d99fe2dfab416f190dee5, findElement {using=xpath, value=//button[contains(text(),&quot;qlace Orde&quot;)]}]&#10;Capabilities {acceptInsecureCerts: false, browserName: MicrosoftEdge, browserVersion: 145.0.3800.58, fedcm:accounts: true, goog:processID: 19424, ms:edgeOptions: {debuggerAddress: localhost:59624}, msedge: {msedgedriverVersion: 145.0.3800.97 (f4c49d5241f1..., userDataDir: C:\Users\Admin\AppData\Loca...}, networkConnectionEnabled: false, pageLoadStrategy: normal, platformName: windows, proxy: Proxy(), se:cdp: ws://localhost:59624/devtoo..., se:cdpVersion: 145.0.3800.58, setWindowRect: true, strictFileInteractability: false, timeouts: {implicit: 0, pageLoad: 300000, script: 30000}, unhandledPromptBehavior: dismiss and notify, webauthn:extension:credBlob: true, webauthn:extension:largeBlob: true, webauthn:extension:minPinLength: true, webauthn:extension:prf: true, webauthn:virtualAuthenticators: true}&#10;Session ID: 43fe1c201b3d99fe2dfab416f190dee5" type="org.openqa.selenium.NoSuchElementException"><![CDATA[org.openqa.selenium.NoSuchElementException: 
no such element: Unable to locate element: {"method":"xpath","selector":"//button[contains(text(),"qlace Orde")]"}
  (Session info: MicrosoftEdge=145.0.3800.58)
For documentation on this error, please visit: https://www.selenium.dev/documentation/webdriver/troubleshooting/errors#nosuchelementexception
Build info: version: '4.41.0', revision: '9fc754f'
System info: os.name: 'Windows 11', os.arch: 'amd64', os.version: '10.0', java.version: '21.0.10'
Driver info: org.openqa.selenium.edge.EdgeDriver
Command: [43fe1c201b3d99fe2dfab416f190dee5, findElement {using=xpath, value=//button[contains(text(),"qlace Orde")]}]
Capabilities {acceptInsecureCerts: false, browserName: MicrosoftEdge, browserVersion: 145.0.3800.58, fedcm:accounts: true, goog:processID: 19424, ms:edgeOptions: {debuggerAddress: localhost:59624}, msedge: {msedgedriverVersion: 145.0.3800.97 (f4c49d5241f1..., userDataDir: C:\Users\Admin\AppData\Loca...}, networkConnectionEnabled: false, pageLoadStrategy: normal, platformName: windows, proxy: Proxy(), se:cdp: ws://localhost:59624/devtoo..., se:cdpVersion: 145.0.3800.58, setWindowRect: true, strictFileInteractability: false, timeouts: {implicit: 0, pageLoad: 300000, script: 30000}, unhandledPromptBehavior: dismiss and notify, webauthn:extension:credBlob: true, webauthn:extension:largeBlob: true, webauthn:extension:minPinLength: true, webauthn:extension:prf: true, webauthn:virtualAuthenticators: true}
Session ID: 43fe1c201b3d99fe2dfab416f190dee5
	at org.openqa.selenium.remote.ErrorCodec.decode(ErrorCodec.java:169)
	at org.openqa.selenium.remote.codec.w3c.W3CHttpResponseCodec.decode(W3CHttpResponseCodec.java:142)
	at org.openqa.selenium.remote.codec.w3c.W3CHttpResponseCodec.decode(W3CHttpResponseCodec.java:49)
	at org.openqa.selenium.remote.HttpCommandExecutor.execute(HttpCommandExecutor.java:223)
	at org.openqa.selenium.remote.service.DriverCommandExecutor.invokeExecute(DriverCommandExecutor.java:216)
	at org.openqa.selenium.remote.service.DriverCommandExecutor.execute(DriverCommandExecutor.java:174)
	at org.openqa.selenium.remote.RemoteWebDriver.execute(RemoteWebDriver.java:604)
	at org.openqa.selenium.remote.ElementLocation$ElementFinder$2.findElement(ElementLocation.java:166)
	at org.openqa.selenium.remote.ElementLocation.findElement(ElementLocation.java:60)
	at org.openqa.selenium.remote.RemoteWebDriver.findElement(RemoteWebDriver.java:427)
	at org.openqa.selenium.remote.RemoteWebDriver.findElement(RemoteWebDriver.java:421)
	at pageObjects.CheckoutPage.VerifyPlaceOrderBTN(CheckoutPage.java:29)
	at stepDefinations1.CheckoutPageStepDefinations.verify_user_has_ability_enter_promo_code_and_place_the_order(CheckoutPageStepDefinations.java:28)
	at ✽.verify user has ability enter promo code and place the order(file:///C:/Users/Admin/eclipse-workspace/CucumberFramework/src/test/java/features/Checkout.feature:8)
]]></failure>
    <system-out><![CDATA[  ✘ And verify user has ability enter promo code and place the order                       # stepDefinations1.CheckoutPageStepDefinations.verify_user_has_ability_enter_promo_code_and_place_the_order()
        org.openqa.selenium.NoSuchElementException: no such element: Unable to locate element: {"method":"xpath","selector":"//button[contains(text(),"qlace Orde")]"}
          (Session info: MicrosoftEdge=145.0.3800.58)
        For documentation on this error, please visit: https://www.selenium.dev/documentation/webdriver/troubleshooting/errors#nosuchelementexception
        Build info: version: '4.41.0', revision: '9fc754f'
        System info: os.name: 'Windows 11', os.arch: 'amd64', os.version: '10.0', java.version: '21.0.10'
        Driver info: org.openqa.selenium.edge.EdgeDriver
        Command: [43fe1c201b3d99fe2dfab416f190dee5, findElement {using=xpath, value=//button[contains(text(),"qlace Orde")]}]
        Capabilities {acceptInsecureCerts: false, browserName: MicrosoftEdge, browserVersion: 145.0.3800.58, fedcm:accounts: true, goog:processID: 19424, ms:edgeOptions: {debuggerAddress: localhost:59624}, msedge: {msedgedriverVersion: 145.0.3800.97 (f4c49d5241f1..., userDataDir: C:\Users\Admin\AppData\Loca...}, networkConnectionEnabled: false, pageLoadStrategy: normal, platformName: windows, proxy: Proxy(), se:cdp: ws://localhost:59624/devtoo..., se:cdpVersion: 145.0.3800.58, setWindowRect: true, strictFileInteractability: false, timeouts: {implicit: 0, pageLoad: 300000, script: 30000}, unhandledPromptBehavior: dismiss and notify, webauthn:extension:credBlob: true, webauthn:extension:largeBlob: true, webauthn:extension:minPinLength: true, webauthn:extension:prf: true, webauthn:virtualAuthenticators: true}
        Session ID: 43fe1c201b3d99fe2dfab416f190dee5
        	at org.openqa.selenium.remote.ErrorCodec.decode(ErrorCodec.java:169)
        	at org.openqa.selenium.remote.codec.w3c.W3CHttpResponseCodec.decode(W3CHttpResponseCodec.java:142)
        	at org.openqa.selenium.remote.codec.w3c.W3CHttpResponseCodec.decode(W3CHttpResponseCodec.java:49)
        	at org.openqa.selenium.remote.HttpCommandExecutor.execute(HttpCommandExecutor.java:223)
        	at org.openqa.selenium.remote.service.DriverCommandExecutor.invokeExecute(DriverCommandExecutor.java:216)
        	at org.openqa.selenium.remote.service.DriverCommandExecutor.execute(DriverCommandExecutor.java:174)
        	at org.openqa.selenium.remote.RemoteWebDriver.execute(RemoteWebDriver.java:604)
        	at org.openqa.selenium.remote.ElementLocation$ElementFinder$2.findElement(ElementLocation.java:166)
        	at org.openqa.selenium.remote.ElementLocation.findElement(ElementLocation.java:60)
        	at org.openqa.selenium.remote.RemoteWebDriver.findElement(RemoteWebDriver.java:427)
        	at org.openqa.selenium.remote.RemoteWebDriver.findElement(RemoteWebDriver.java:421)
        	at pageObjects.CheckoutPage.VerifyPlaceOrderBTN(CheckoutPage.java:29)
        	at stepDefinations1.CheckoutPageStepDefinations.verify_user_has_ability_enter_promo_code_and_place_the_order(CheckoutPageStepDefinations.java:28)
        	at ✽.verify user has ability enter promo code and place the order(file:///C:/Users/Admin/eclipse-workspace/CucumberFramework/src/test/java/features/Checkout.feature:8)
edgeDriver

        Embedding image [image/png 56619 bytes]

edgeDriver
]]></system-out>
  </testcase>
</testsuite>